<?xml version="1.0" ?>
<!DOCTYPE coverage SYSTEM "http://cobertura.sourceforge.net/xml/coverage-04.dtd">
<coverage lines-valid="24" lines-covered="24" line-rate="1" branches-valid="17" branches-covered="17" branch-rate="1" timestamp="1642502899520" complexity="0" version="0.1">
  <sources>
    <source>/Users/crespowang/Projects/between</source>
  </sources>
  <packages>
    <package name="main" line-rate="1" branch-rate="1">
      <classes>
        <class name="index.ts" filename="src/index.ts" line-rate="1" branch-rate="1">
          <methods>
            <method name="(anonymous_0)" hits="6" signature="()V">
              <lines>
                <line number="5" hits="6"/>
              </lines>
            </method>
          </methods>
          <lines>
            <line number="1" hits="1" branch="false"/>
            <line number="2" hits="1" branch="false"/>
            <line number="3" hits="1" branch="false"/>
            <line number="5" hits="1" branch="false"/>
            <line number="6" hits="6" branch="true" condition-coverage="100% (2/2)"/>
            <line number="7" hits="2" branch="false"/>
            <line number="9" hits="4" branch="true" condition-coverage="100% (2/2)"/>
            <line number="10" hits="1" branch="false"/>
            <line number="12" hits="3" branch="true" condition-coverage="100% (2/2)"/>
            <line number="13" hits="1" branch="false"/>
            <line number="16" hits="2" branch="false"/>
            <line number="17" hits="2" branch="false"/>
            <line number="19" hits="2" branch="false"/>
            <line number="20" hits="3" branch="false"/>
            <line number="21" hits="3" branch="false"/>
            <line number="23" hits="3" branch="true" condition-coverage="100% (2/2)"/>
            <line number="24" hits="3" branch="true" condition-coverage="100% (2/2)"/>
            <line number="26" hits="3" branch="false"/>
            <line number="27" hits="3" branch="true" condition-coverage="100% (2/2)"/>
            <line number="30" hits="3" branch="false"/>
            <line number="32" hits="3" branch="false"/>
            <line number="34" hits="3" branch="true" condition-coverage="100% (5/5)"/>
            <line number="35" hits="2" branch="false"/>
            <line number="38" hits="1" branch="false"/>
          </lines>
        </class>
      </classes>
    </package>
  </packages>
</coverage>
